[2026-02-27T12:54:04.378Z] [INFO] Start running script c:\Users\MyBook Hype AMD\.vscode\extensions\ms-windows-ai-studio.windows-ai-studio-0.30.1-win32-x64\resources\modelLab\check_windows_app_runtime.py with python path C:\Users\MyBook Hype AMD\.local\bin\uv.exe.
[2026-02-27T12:54:05.444Z] [INFO] Checking for WindowsAppRuntime installation...
[2026-02-27T12:54:05.444Z] [INFO] Found WindowsAppRuntime versions via Get-AppxPackage:
[2026-02-27T12:54:05.444Z] [INFO] 
[2026-02-27T12:54:05.444Z] [INFO] Version         
[2026-02-27T12:54:05.444Z] [INFO] -------         
[2026-02-27T12:54:05.444Z] [INFO] 4000.1309.2056.0
[2026-02-27T12:54:05.444Z] [INFO] 4000.1309.2056.0
[2026-02-27T12:54:05.444Z] [INFO] 6000.519.329.0  
[2026-02-27T12:54:05.445Z] [INFO] 6000.519.329.0  
[2026-02-27T12:54:05.445Z] [INFO] 7000.617.2103.0 
[2026-02-27T12:54:05.445Z] [INFO] 7000.617.2103.0 
[2026-02-27T12:54:05.445Z] [INFO] 4000.1189.418.0 
[2026-02-27T12:54:05.445Z] [INFO] 5001.373.1736.0 
[2026-02-27T12:54:05.445Z] [INFO] 5001.373.1736.0 
[2026-02-27T12:54:05.445Z] [INFO] 8000.675.1142.0 
[2026-02-27T12:54:05.445Z] [INFO] 8000.675.1142.0 
[2026-02-27T12:54:05.445Z] [INFO] 
[2026-02-27T12:54:05.445Z] [INFO] 
[2026-02-27T12:54:05.445Z] [INFO] 
[2026-02-27T12:54:05.445Z] [INFO] [SUCCESS] Found valid WindowsAppRuntime version: 8000.675.1142.0
[2026-02-27T12:54:05.445Z] [INFO] [SUCCESS] WindowsAppRuntime is already installed.
[2026-02-27T12:54:05.597Z] [INFO] Start running script c:\Users\MyBook Hype AMD\.vscode\extensions\ms-windows-ai-studio.windows-ai-studio-0.30.1-win32-x64\resources\modelLab\install_packages.py with python path C:\Users\MyBook Hype AMD\.local\bin\uv.exe.
